<?xml version="1.0" encoding="UTF-8" ?>
<testsuite errors="0" failures="1" hostname="MSPWWD64QJLS1" name="com.github.ledlogic.ogp.OpenGraphParserTest" tests="1" time="0.115" timestamp="2013-09-04T16:40:31">
  <properties>
    <property name="java.vendor" value="Sun Microsystems Inc." />
    <property name="sun.java.launcher" value="SUN_STANDARD" />
    <property name="eclipse.pdebuild.templates" value="/C:/dev/eclipse/eclipse-kepler-4.3.0/plugins/org.eclipse.pde.build_3.8.100.v20130514-1028/templates/" />
    <property name="sun.management.compiler" value="HotSpot 64-Bit Server Compiler" />
    <property name="dist" value="./dist" />
    <property name="lib" value="./lib" />
    <property name="os.name" value="Windows 7" />
    <property name="sun.boot.class.path" value="C:\dev\java\jdk1.6.0_16_x64\jre\lib\resources.jar;C:\dev\java\jdk1.6.0_16_x64\jre\lib\rt.jar;C:\dev\java\jdk1.6.0_16_x64\jre\lib\sunrsasign.jar;C:\dev\java\jdk1.6.0_16_x64\jre\lib\jsse.jar;C:\dev\java\jdk1.6.0_16_x64\jre\lib\jce.jar;C:\dev\java\jdk1.6.0_16_x64\jre\lib\charsets.jar;C:\dev\java\jdk1.6.0_16_x64\jre\classes" />
    <property name="ant.file.ogp-java" value="C:\dev\eclipse_workspace\jcom201308\ogp-java\build.xml" />
    <property name="sun.desktop" value="windows" />
    <property name="java.vm.specification.vendor" value="Sun Microsystems Inc." />
    <property name="ant.home" value="C:\dev\eclipse\eclipse-kepler-4.3.0\plugins\org.apache.ant_1.8.4.v201303080030" />
    <property name="java.runtime.version" value="1.6.0_16-b01" />
    <property name="images" value="./images" />
    <property name="user.name" value="conraj1" />
    <property name="reports" value="./docs/reports" />
    <property name="test.results" value="./report" />
    <property name="user.language" value="en" />
    <property name="build" value="./build" />
    <property name="sun.boot.library.path" value="C:\dev\java\jdk1.6.0_16_x64\jre\bin" />
    <property name="ant.project.default-target" value="all" />
    <property name="ant.project.name" value="ogp-java" />
    <property name="java.version" value="1.6.0_16" />
    <property name="user.timezone" value="" />
    <property name="bin" value=".//bin" />
    <property name="sun.arch.data.model" value="64" />
    <property name="compile.optimize" value="on" />
    <property name="java.endorsed.dirs" value="C:\dev\java\jdk1.6.0_16_x64\jre\lib\endorsed" />
    <property name="sun.cpu.isalist" value="amd64" />
    <property name="sun.jnu.encoding" value="Cp1252" />
    <property name="file.encoding.pkg" value="sun.io" />
    <property name="file.separator" value="\" />
    <property name="java.specification.name" value="Java Platform API Specification" />
    <property name="dist.app" value="ogp-java" />
    <property name="dist.version" value="0.1" />
    <property name="web" value="./web" />
    <property name="java.class.version" value="50.0" />
    <property name="src" value="./src" />
    <property name="user.country" value="US" />
    <property name="java.home" value="C:\dev\java\jdk1.6.0_16_x64\jre" />
    <property name="test.xsl" value="test/xsl" />
    <property name="java.vm.info" value="mixed mode" />
    <property name="ant.file" value="C:\dev\eclipse_workspace\jcom201308\ogp-java\build.xml" />
    <property name="os.version" value="6.1" />
    <property name="path.separator" value=";" />
    <property name="java.vm.version" value="14.2-b01" />
    <property name="docs" value="./docs" />
    <property name="user.variant" value="" />
    <property name="ant.library.dir" value="C:\dev\eclipse\eclipse-kepler-4.3.0\plugins\org.apache.ant_1.8.4.v201303080030\lib" />
    <property name="java.awt.printerjob" value="sun.awt.windows.WPrinterJob" />
    <property name="sun.io.unicode.encoding" value="UnicodeLittle" />
    <property name="awt.toolkit" value="sun.awt.windows.WToolkit" />
    <property name="env_spec" value="local" />
    <property name="eclipse.pdebuild.scripts" value="/C:/dev/eclipse/eclipse-kepler-4.3.0/plugins/org.eclipse.pde.build_3.8.100.v20130514-1028/scripts/" />
    <property name="user.home" value="C:\Users\conraj1" />
    <property name="java.specification.vendor" value="Sun Microsystems Inc." />
    <property name="java.library.path" value="C:\dev\java\jdk1.6.0_16_x64\jre\bin;.;C:\Windows\Sun\Java\bin;C:\Windows\system32;C:\Windows;C:\Perl64\site\bin;C:\Perl64\bin;C:\Program Files\SlikSvn\bin;C:\oracle\product\11.2.0\client_1\bin\;C:\Windows\system32;C:\Windows;C:\Windows\System32\Wbem;C:\Windows\System32\WindowsPowerShell\v1.0\;C:\Program Files (x86)\ATI Technologies\ATI.ACE\Core-Static;C:\Program Files (x86)\Microsoft SQL Server\100\Tools\Binn\VSShell\Common7\IDE\;C:\Program Files (x86)\Microsoft SQL Server\100\Tools\Binn\;C:\Program Files\Microsoft SQL Server\100\Tools\Binn\;C:\Program Files (x86)\Microsoft SQL Server\100\DTS\Binn\;C:\Program Files (x86)\QuickTime\QTSystem\;c:\Program Files\Microsoft SQL Server\100\DTS\Binn\;C:\Program Files\Microsoft SQL Server\110\Tools\Binn\;C:\Program Files (x86)\Citrix\ICAService\;C:\Program Files (x86)\Citrix\System32\;C:\dev\jenkins\;C:\dev\nodejs\;C:\Users\conraj1\AppData\Roaming\npm;C:\dev\groovy-2.1.3\bin;C:\dev\ant\apache-ant-1.9.1\bin" />
    <property name="java.vendor.url" value="http://java.sun.com/" />
    <property name="java.vm.vendor" value="Sun Microsystems Inc." />
    <property name="java.runtime.name" value="Java(TM) SE Runtime Environment" />
    <property name="java.class.path" value="C:\dev\eclipse_workspace\jcom201308\ogp-java\lib\commons-io-2.4.jar;C:\dev\eclipse_workspace\jcom201308\ogp-java\lib\commons-lang-2.5.jar;C:\dev\eclipse_workspace\jcom201308\ogp-java\lib\jsoup-1.7.2.jar;C:\dev\eclipse_workspace\jcom201308\ogp-java\lib\junit-4.8.1.jar;C:\dev\eclipse_workspace\jcom201308\ogp-java\bin\classes;C:\dev\eclipse_workspace\jcom201308\ogp-java\bin\test\classes;C:\dev\eclipse\eclipse-kepler-4.3.0\plugins\org.apache.ant_1.8.4.v201303080030\lib\ant-launcher.jar;C:\dev\eclipse\eclipse-kepler-4.3.0\plugins\org.apache.ant_1.8.4.v201303080030\lib\ant.jar;C:\dev\eclipse\eclipse-kepler-4.3.0\plugins\org.apache.ant_1.8.4.v201303080030\lib\ant-junit.jar;C:\dev\eclipse\eclipse-kepler-4.3.0\plugins\org.apache.ant_1.8.4.v201303080030\lib\ant-junit4.jar" />
    <property name="ant.version" value="Apache Ant(TM) version 1.8.4 compiled on May 22 2012" />
    <property name="project.version" value="0.1" />
    <property name="compile.bin" value=".//bin/classes" />
    <property name="project.name" value="ogp-java" />
    <property name="test.bin" value="./bin/test/classes" />
    <property name="java.vm.specification.name" value="Java Virtual Machine Specification" />
    <property name="java.vm.specification.version" value="1.0" />
    <property name="ant.file.type.ogp-java" value="file" />
    <property name="sun.cpu.endian" value="little" />
    <property name="sun.os.patch.level" value="Service Pack 1" />
    <property name="compile.debug" value="on" />
    <property name="java.io.tmpdir" value="C:\Users\conraj1\AppData\Local\Temp\" />
    <property name="eclipse.pdebuild.home" value="/C:/dev/eclipse/eclipse-kepler-4.3.0/plugins/org.eclipse.pde.build_3.8.100.v20130514-1028/./" />
    <property name="test.src" value="./test" />
    <property name="java.vendor.url.bug" value="http://java.sun.com/cgi-bin/bugreport.cgi" />
    <property name="os.arch" value="amd64" />
    <property name="java.awt.graphicsenv" value="sun.awt.Win32GraphicsEnvironment" />
    <property name="javadoc" value="./docs/javadoc" />
    <property name="java.ext.dirs" value="C:\dev\java\jdk1.6.0_16_x64\jre\lib\ext;C:\Windows\Sun\Java\lib\ext" />
    <property name="user.dir" value="C:\dev\eclipse_workspace\jcom201308\ogp-java" />
    <property name="project" value="./" />
    <property name="line.separator" value="&#xd;&#xa;" />
    <property name="java.vm.name" value="Java HotSpot(TM) 64-Bit Server VM" />
    <property name="compile.deprecation" value="on" />
    <property name="basedir" value="C:\dev\eclipse_workspace\jcom201308\ogp-java" />
    <property name="ant.java.version" value="1.6" />
    <property name="ant.core.lib" value="C:\dev\eclipse\eclipse-kepler-4.3.0\plugins\org.apache.ant_1.8.4.v201303080030\lib\ant.jar" />
    <property name="file.encoding" value="Cp1252" />
    <property name="java.specification.version" value="1.6" />
    <property name="ant.project.invoked-targets" value="all" />
  </properties>
  <testcase classname="com.github.ledlogic.ogp.OpenGraphParserTest" name="testParseHtml" time="0.082">
    <failure message="null expected:&lt;...ontent=&quot;The Rock&quot; /&gt;[&#xd;&#xa;&lt;meta property=&quot;og:type&quot; content=&quot;video.movie&quot; /&gt;&#xd;&#xa;&lt;meta property=&quot;og:url&quot; content=&quot;http://www.imdb.com/title/tt0117500/&quot; /&gt;&#xd;]&#xa;&lt;meta property=&quot;og:...&gt; but was:&lt;...ontent=&quot;The Rock&quot; /&gt;[&#xa;&lt;meta property=&quot;og:type&quot; content=&quot;video.movie&quot; /&gt;&#xa;&lt;meta property=&quot;og:url&quot; content=&quot;http://www.imdb.com/title/tt0117500/&quot; /&gt;]&#xa;&lt;meta property=&quot;og:...&gt;" type="junit.framework.ComparisonFailure">junit.framework.ComparisonFailure: null expected:&lt;...ontent=&quot;The Rock&quot; /&gt;[
&lt;meta property=&quot;og:type&quot; content=&quot;video.movie&quot; /&gt;
&lt;meta property=&quot;og:url&quot; content=&quot;http://www.imdb.com/title/tt0117500/&quot; /&gt;
]
&lt;meta property=&quot;og:...&gt; but was:&lt;...ontent=&quot;The Rock&quot; /&gt;[
&lt;meta property=&quot;og:type&quot; content=&quot;video.movie&quot; /&gt;
&lt;meta property=&quot;og:url&quot; content=&quot;http://www.imdb.com/title/tt0117500/&quot; /&gt;]
&lt;meta property=&quot;og:...&gt;
	at com.github.ledlogic.ogp.OpenGraphParserTest.testParseHtml(OpenGraphParserTest.java:36)
</failure>
  </testcase>
  <system-out><![CDATA[]]></system-out>
  <system-err><![CDATA[]]></system-err>
</testsuite>
